2
3
4
5
6
7
8
11
12
13
15
16
18
19
20
21
23
24
25
26
27
30
32
33
34
36
37
38
39
41
42
46
47
48
51
52
53
54
55
56
57
58
59
61
62
63
64
65
66
68
70
71
72
73
76
77
78
79
81
82
84
86
87
89
90
91
92
93
94
95
98
99
100
101
103
104
106
107
108
111
112
113
114
116
117
119
120
121
122
124
125
126
128
130
133
134
135
136
138
141
143
144
146
147
148
149
151
152
153
154
155
156
157
159
160
161
164
165
166
167
168
169
171
173
174
175
176
177
178
179
180
181
182
183
184
185
186
187
188
189
190
191
192
193
194
195
197
198
