33
31
17
36
41
30
107
61
123
16
68
29
20
46
21
64
67
39
18
75
60
99
28
69
144
48
38
45
49
53
71
124
125
40
35
79
42
91
51
43
37
52
47
57
44
85
59
58
54
50
56
66
83
62
63
55
70
82
24
109
84
112
72
80
27
34
86
65
73
132
96
101
110
88
74
78
121
81
15
108
98
100
90
77
122
92
93
76
89
94
115
105
135
26
162
95
103
97
25
102
104
113
87
166
114
155
106
170
119
126
117
111
136
116
137
118
159
120
150
128
23
152
130
127
134
131
129
133
151
138
153
139
160
5
141
148
140
143
156
4
6
146
161
10
11
145
142
147
154
168
149
177
171
167
13
180
163
158
157
8
173
22
19
164
178
165
32
7
169
174
14
175
172
176
2
12
9
3
179
1
