4
117
7
63
143
91
24
126
150
119
135
95
190
114
118
183
27
165
146
51
103
106
55
87
86
170
141
49
184
65
88
182
52
111
107
120
22
113
152
1
193
41
148
89
31
77
123
72
163
180
21
79
161
8
160
76
9
121
173
37
20
56
171
84
44
54
96
125
144
157
14
78
159
132
156
174
179
97
61
169
196
46
35
80
3
177
186
45
131
23
11
198
83
176
64
6
39
34
199
93
140
59
67
128
19
68
69
28
200
82
58
154
13
50
139
166
137
191
16
194
189
178
142
17
73
26
175
85
47
145
43
48
98
181
124
92
158
136
138
168
195
33
129
36
53
105
110
74
71
104
12
38
99
75
122
187
185
133
164
188
2
42
66
134
147
18
192
116
10
81
197
108
153
94
155
127
15
5
167
112
100
130
30
29
40
162
25
32
60
62
109
90
115
149
57
102
101
172
151
70
