47
97
24
12
53
5
41
76
2
109
48
18
26
38
10
28
13
72
99
31
82
33
20
11
15
95
63
40
44
64
106
108
19
23
122
73
42
159
61
84
65
45
74
96
50
34
35
52
160
32
55
125
67
46
49
43
103
57
54
75
51
102
135
100
88
58
56
130
91
70
90
81
77
89
60
71
69
36
39
66
111
92
86
94
87
68
116
9
118
85
98
78
101
80
104
126
133
143
93
137
8
128
114
147
120
115
151
105
119
112
134
107
161
110
148
165
113
164
124
139
121
149
123
154
131
136
152
163
129
150
141
138
144
132
22
146
153
37
158
170
145
162
156
140
155
83
21
79
17
157
171
167
6
117
1
