152
126
151
150
127
143
137
153
134
156
128
115
161
129
132
144
146
133
162
135
141
155
158
139
140
154
145
149
111
147
148
120
124
142
131
116
159
138
125
2
112
160
8
197
136
157
198
123
121
200
119
114
199
130
117
4
113
122
118
14
95
59
109
64
30
175
92
44
100
32
74
72
20
84
62
96
39
110
173
49
83
50
86
187
26
99
71
87
174
65
164
12
34
55
108
90
69
42
52
88
91
46
93
190
41
76
82
186
166
105
58
94
37
51
15
102
97
57
23
77
193
179
85
98
56
101
73
163
61
21
192
66
183
107
68
45
89
171
79
81
78
176
106
168
60
182
70
25
172
180
29
103
167
67
53
16
104
188
47
28
184
43
177
191
22
27
196
18
195
38
170
31
48
178
165
185
189
10
181
11
169
