29
178
106
134
172
125
153
97
71
69
173
38
175
55
31
63
136
32
49
177
155
80
195
109
164
169
59
70
84
139
194
16
96
131
102
72
85
165
192
110
13
81
160
122
162
124
179
142
53
174
128
7
100
17
14
137
10
4
138
60
67
86
145
154
190
188
121
133
159
36
135
156
5
39
189
68
23
129
107
191
19
118
170
92
199
111
24
149
28
34
54
12
196
15
200
187
90
42
8
163
147
46
184
3
119
45
35
18
21
2
161
193
132
141
61
79
44
62
33
176
108
120
103
58
115
20
183
99
30
98
158
94
144
56
93
126
166
168
89
65
82
104
37
88
43
148
