200
109
49
183
61
125
50
51
29
79
198
2
106
113
176
133
24
41
17
56
81
83
5
75
156
20
105
114
155
28
38
171
95
40
185
196
11
173
124
128
179
42
102
80
178
122
62
129
130
90
66
123
149
94
119
35
100
7
22
15
153
58
165
10
180
1
55
73
85
111
82
26
112
44
141
52
99
182
126
190
43
13
96
16
9
193
188
48
148
64
161
131
45
86
158
121
101
87
69
74
154
159
140
93
168
72
8
138
166
60
152
110
151
115
65
18
117
36
136
197
57
150
6
167
108
63
89
132
177
92
97
169
157
53
145
70
181
162
142
84
39
118
116
76
187
27
32
186
14
31
164
147
163
59
30
134
98
25
174
107
184
143
175
34
194
91
23
127
68
4
88
104
19
135
137
12
47
3
21
78
71
103
37
139
160
120
172
144
33
54
146
191
189
195
67
77
192
170
46
199
