154
1
185
188
186
140
158
168
184
194
193
164
195
136
153
198
181
116
192
166
143
189
171
56
160
37
187
142
7
112
129
35
9
115
120
170
102
167
122
190
135
144
38
134
121
151
119
114
139
110
180
133
108
113
159
131
196
118
197
161
146
150
148
109
157
123
191
117
145
75
78
77
74
76
72
79
93
70
111
162
80
165
68
71
81
69
100
82
85
95
67
57
130
83
84
97
132
99
106
163
92
87
169
59
88
103
183
86
96
149
101
127
98
66
65
55
90
58
89
64
63
91
50
62
54
107
94
61
60
51
105
52
53
104
47
49
43
42
45
46
172
36
182
48
125
25
39
44
156
128
32
30
31
179
20
19
27
147
16
155
15
126
14
13
34
33
177
41
24
173
73
138
178
2
141
124
22
28
29
18
23
26
152
17
12
137
40
11
200
5
8
21
4
6
175
10
176
3
174
199
